Build started 9/03/2015 5:32:21 PM.
     1>Project "C:\Users\Bruce\Documents\c-recipes\Chapter15\lua-5.3.0\Lua.vcxproj" on node 2 (Build target(s)).
     1>Lib:
         C:\Program Files (x86)\Microsoft Visual Studio 12.0\VC\bin\Lib.exe /OUT:"C:\Users\Bruce\Documents\c-recipes\Chapter15\Debug\Lua.lib" /NOLOGO Debug\lapi.obj
         Debug\lauxlib.obj
         Debug\lbaselib.obj
         Debug\lbitlib.obj
         Debug\lcode.obj
         Debug\lcorolib.obj
         Debug\lctype.obj
         Debug\ldblib.obj
         Debug\ldebug.obj
         Debug\ldo.obj
         Debug\ldump.obj
         Debug\lfunc.obj
         Debug\lgc.obj
         Debug\linit.obj
         Debug\liolib.obj
         Debug\llex.obj
         Debug\lmathlib.obj
         Debug\lmem.obj
         Debug\loadlib.obj
         Debug\lobject.obj
         Debug\lopcodes.obj
         Debug\loslib.obj
         Debug\lparser.obj
         Debug\lstate.obj
         Debug\lstring.obj
         Debug\lstrlib.obj
         Debug\ltable.obj
         Debug\ltablib.obj
         Debug\ltm.obj
         Debug\lundump.obj
         Debug\lutf8lib.obj
         Debug\lvm.obj
         Debug\lzio.obj
         Lua.vcxproj -> C:\Users\Bruce\Documents\c-recipes\Chapter15\Debug\Lua.lib
     1>Done Building Project "C:\Users\Bruce\Documents\c-recipes\Chapter15\lua-5.3.0\Lua.vcxproj" (Build target(s)).

Build succeeded.

Time Elapsed 00:00:00.25
