c:\users\bruce\documents\c-recipes\chapter15\lua-5.3.0\debug\vc120.pdb
c:\users\bruce\documents\c-recipes\chapter15\lua-5.3.0\debug\vc120.idb
c:\users\bruce\documents\c-recipes\chapter15\lua-5.3.0\debug\lgc.obj
c:\users\bruce\documents\c-recipes\chapter15\lua-5.3.0\debug\linit.obj
c:\users\bruce\documents\c-recipes\chapter15\lua-5.3.0\debug\llex.obj
c:\users\bruce\documents\c-recipes\chapter15\lua-5.3.0\debug\lmathlib.obj
c:\users\bruce\documents\c-recipes\chapter15\lua-5.3.0\debug\lmem.obj
c:\users\bruce\documents\c-recipes\chapter15\lua-5.3.0\debug\loadlib.obj
c:\users\bruce\documents\c-recipes\chapter15\lua-5.3.0\debug\lobject.obj
c:\users\bruce\documents\c-recipes\chapter15\lua-5.3.0\debug\lopcodes.obj
c:\users\bruce\documents\c-recipes\chapter15\lua-5.3.0\debug\loslib.obj
c:\users\bruce\documents\c-recipes\chapter15\lua-5.3.0\debug\lparser.obj
c:\users\bruce\documents\c-recipes\chapter15\lua-5.3.0\debug\lstate.obj
c:\users\bruce\documents\c-recipes\chapter15\lua-5.3.0\debug\lstring.obj
c:\users\bruce\documents\c-recipes\chapter15\lua-5.3.0\debug\lstrlib.obj
c:\users\bruce\documents\c-recipes\chapter15\lua-5.3.0\debug\ltable.obj
c:\users\bruce\documents\c-recipes\chapter15\lua-5.3.0\debug\ltablib.obj
c:\users\bruce\documents\c-recipes\chapter15\lua-5.3.0\debug\ltm.obj
c:\users\bruce\documents\c-recipes\chapter15\lua-5.3.0\debug\lundump.obj
c:\users\bruce\documents\c-recipes\chapter15\lua-5.3.0\debug\lutf8lib.obj
c:\users\bruce\documents\c-recipes\chapter15\lua-5.3.0\debug\lvm.obj
c:\users\bruce\documents\c-recipes\chapter15\lua-5.3.0\debug\lzio.obj
c:\users\bruce\documents\c-recipes\chapter15\lua-5.3.0\debug\lapi.obj
c:\users\bruce\documents\c-recipes\chapter15\lua-5.3.0\debug\lauxlib.obj
c:\users\bruce\documents\c-recipes\chapter15\lua-5.3.0\debug\lbaselib.obj
c:\users\bruce\documents\c-recipes\chapter15\lua-5.3.0\debug\lbitlib.obj
c:\users\bruce\documents\c-recipes\chapter15\lua-5.3.0\debug\lcode.obj
c:\users\bruce\documents\c-recipes\chapter15\lua-5.3.0\debug\lcorolib.obj
c:\users\bruce\documents\c-recipes\chapter15\lua-5.3.0\debug\lctype.obj
c:\users\bruce\documents\c-recipes\chapter15\lua-5.3.0\debug\ldblib.obj
c:\users\bruce\documents\c-recipes\chapter15\lua-5.3.0\debug\ldebug.obj
c:\users\bruce\documents\c-recipes\chapter15\lua-5.3.0\debug\ldo.obj
c:\users\bruce\documents\c-recipes\chapter15\lua-5.3.0\debug\ldump.obj
c:\users\bruce\documents\c-recipes\chapter15\lua-5.3.0\debug\lfunc.obj
c:\users\bruce\documents\c-recipes\chapter15\lua-5.3.0\debug\liolib.obj
c:\users\bruce\documents\c-recipes\chapter15\debug\lua.lib
c:\users\bruce\documents\c-recipes\chapter15\lua-5.3.0\debug\lua.tlog\cl.command.1.tlog
c:\users\bruce\documents\c-recipes\chapter15\lua-5.3.0\debug\lua.tlog\cl.read.1.tlog
c:\users\bruce\documents\c-recipes\chapter15\lua-5.3.0\debug\lua.tlog\cl.write.1.tlog
c:\users\bruce\documents\c-recipes\chapter15\lua-5.3.0\debug\lua.tlog\lib-link.read.1.tlog
c:\users\bruce\documents\c-recipes\chapter15\lua-5.3.0\debug\lua.tlog\lib-link.write.1.tlog
c:\users\bruce\documents\c-recipes\chapter15\lua-5.3.0\debug\lua.tlog\lib.command.1.tlog
